Performing C SOURCE FILE Test CMAKE_HAVE_LIBC_PTHREAD failed with the following output:
Change Dir: /home/yuwenlu/Yolo_ORB_SLAM3_v2.0/cmake-build-relwithdebinfo/CMakeFiles/CMakeTmp

Run Build Command(s):/usr/bin/make -f Makefile cmTC_42f1f/fast && /usr/bin/make  -f CMakeFiles/cmTC_42f1f.dir/build.make CMakeFiles/cmTC_42f1f.dir/build
make[1]: 进入目录“/home/yuwenlu/Yolo_ORB_SLAM3_v2.0/cmake-build-relwithdebinfo/CMakeFiles/CMakeTmp”
Building C object CMakeFiles/cmTC_42f1f.dir/src.c.o
/usr/bin/cc -DCMAKE_HAVE_LIBC_PTHREAD  -Wall   -O3  -o CMakeFiles/cmTC_42f1f.dir/src.c.o -c /home/yuwenlu/Yolo_ORB_SLAM3_v2.0/cmake-build-relwithdebinfo/CMakeFiles/CMakeTmp/src.c
Linking C executable cmTC_42f1f
/home/yuwenlu/clion-2021.2.3/bin/cmake/linux/bin/cmake -E cmake_link_script CMakeFiles/cmTC_42f1f.dir/link.txt --verbose=1
/usr/bin/cc   -Wall   -O3  -rdynamic CMakeFiles/cmTC_42f1f.dir/src.c.o -o cmTC_42f1f 
CMakeFiles/cmTC_42f1f.dir/src.c.o：在函数‘main’中：
src.c:(.text.startup+0x23)：对‘pthread_create’未定义的引用
src.c:(.text.startup+0x2c)：对‘pthread_detach’未定义的引用
src.c:(.text.startup+0x35)：对‘pthread_cancel’未定义的引用
src.c:(.text.startup+0x40)：对‘pthread_join’未定义的引用
src.c:(.text.startup+0x4b)：对‘pthread_atfork’未定义的引用
collect2: error: ld returned 1 exit status
CMakeFiles/cmTC_42f1f.dir/build.make:98: recipe for target 'cmTC_42f1f' failed
make[1]: *** [cmTC_42f1f] Error 1
make[1]: 离开目录“/home/yuwenlu/Yolo_ORB_SLAM3_v2.0/cmake-build-relwithdebinfo/CMakeFiles/CMakeTmp”
Makefile:127: recipe for target 'cmTC_42f1f/fast' failed
make: *** [cmTC_42f1f/fast] Error 2


Source file was:
#include <pthread.h>

static void* test_func(void* data)
{
  return data;
}

int main(void)
{
  pthread_t thread;
  pthread_create(&thread, NULL, test_func, NULL);
  pthread_detach(thread);
  pthread_cancel(thread);
  pthread_join(thread, NULL);
  pthread_atfork(NULL, NULL, NULL);
  pthread_exit(NULL);

  return 0;
}

Determining if the function pthread_create exists in the pthreads failed with the following output:
Change Dir: /home/yuwenlu/Yolo_ORB_SLAM3_v2.0/cmake-build-relwithdebinfo/CMakeFiles/CMakeTmp

Run Build Command(s):/usr/bin/make -f Makefile cmTC_9be1f/fast && /usr/bin/make  -f CMakeFiles/cmTC_9be1f.dir/build.make CMakeFiles/cmTC_9be1f.dir/build
make[1]: 进入目录“/home/yuwenlu/Yolo_ORB_SLAM3_v2.0/cmake-build-relwithdebinfo/CMakeFiles/CMakeTmp”
Building C object CMakeFiles/cmTC_9be1f.dir/CheckFunctionExists.c.o
/usr/bin/cc   -Wall   -O3 -DCHECK_FUNCTION_EXISTS=pthread_create -o CMakeFiles/cmTC_9be1f.dir/CheckFunctionExists.c.o -c /home/yuwenlu/clion-2021.2.3/bin/cmake/linux/share/cmake-3.20/Modules/CheckFunctionExists.c
Linking C executable cmTC_9be1f
/home/yuwenlu/clion-2021.2.3/bin/cmake/linux/bin/cmake -E cmake_link_script CMakeFiles/cmTC_9be1f.dir/link.txt --verbose=1
/usr/bin/cc   -Wall   -O3 -DCHECK_FUNCTION_EXISTS=pthread_create -rdynamic CMakeFiles/cmTC_9be1f.dir/CheckFunctionExists.c.o -o cmTC_9be1f  -lpthreads 
/usr/bin/ld: 找不到 -lpthreads
collect2: error: ld returned 1 exit status
CMakeFiles/cmTC_9be1f.dir/build.make:98: recipe for target 'cmTC_9be1f' failed
make[1]: *** [cmTC_9be1f] Error 1
make[1]: 离开目录“/home/yuwenlu/Yolo_ORB_SLAM3_v2.0/cmake-build-relwithdebinfo/CMakeFiles/CMakeTmp”
Makefile:127: recipe for target 'cmTC_9be1f/fast' failed
make: *** [cmTC_9be1f/fast] Error 2



